<?xml version="1.0" encoding="UTF-8"?>
<testng-results skipped="0" failed="1" ignored="0" total="3" passed="2">
  <reporter-output>
  </reporter-output>
  <suite name="nisum.qa.practice.testcases.LoginPageTest" duration-ms="48443" started-at="2019-01-13T23:07:29Z" finished-at="2019-01-13T23:08:17Z">
    <groups>
    </groups>
    <test name="Command line test" duration-ms="48443" started-at="2019-01-13T23:07:29Z" finished-at="2019-01-13T23:08:17Z">
      <class name="nisum.qa.practice.testcases.LoginPageTest">
        <test-method status="PASS" signature="setUp()[pri:0, instance:nisum.qa.practice.testcases.LoginPageTest@90f6bfd]" name="setUp" is-config="true" duration-ms="16592" started-at="2019-01-13T23:07:29Z" finished-at="2019-01-13T23:07:45Z">
          <reporter-output>
          </reporter-output>
        </test-method> <!-- setUp -->
        <test-method status="PASS" signature="loginPageTitleTest()[pri:1, instance:nisum.qa.practice.testcases.LoginPageTest@90f6bfd]" name="loginPageTitleTest" duration-ms="10" started-at="2019-01-13T23:07:45Z" finished-at="2019-01-13T23:07:45Z">
          <reporter-output>
          </reporter-output>
        </test-method> <!-- loginPageTitleTest -->
        <test-method status="PASS" signature="tearDown()[pri:0, instance:nisum.qa.practice.testcases.LoginPageTest@90f6bfd]" name="tearDown" is-config="true" duration-ms="698" started-at="2019-01-13T23:07:45Z" finished-at="2019-01-13T23:07:46Z">
          <reporter-output>
          </reporter-output>
        </test-method> <!-- tearDown -->
        <test-method status="PASS" signature="setUp()[pri:0, instance:nisum.qa.practice.testcases.LoginPageTest@90f6bfd]" name="setUp" is-config="true" duration-ms="14544" started-at="2019-01-13T23:07:46Z" finished-at="2019-01-13T23:08:00Z">
          <reporter-output>
          </reporter-output>
        </test-method> <!-- setUp -->
        <test-method status="PASS" signature="CRMLogoImageTest()[pri:2, instance:nisum.qa.practice.testcases.LoginPageTest@90f6bfd]" name="CRMLogoImageTest" duration-ms="33" started-at="2019-01-13T23:08:00Z" finished-at="2019-01-13T23:08:00Z">
          <reporter-output>
          </reporter-output>
        </test-method> <!-- CRMLogoImageTest -->
        <test-method status="PASS" signature="tearDown()[pri:0, instance:nisum.qa.practice.testcases.LoginPageTest@90f6bfd]" name="tearDown" is-config="true" duration-ms="712" started-at="2019-01-13T23:08:00Z" finished-at="2019-01-13T23:08:01Z">
          <reporter-output>
          </reporter-output>
        </test-method> <!-- tearDown -->
        <test-method status="PASS" signature="setUp()[pri:0, instance:nisum.qa.practice.testcases.LoginPageTest@90f6bfd]" name="setUp" is-config="true" duration-ms="13449" started-at="2019-01-13T23:08:01Z" finished-at="2019-01-13T23:08:15Z">
          <reporter-output>
          </reporter-output>
        </test-method> <!-- setUp -->
        <test-method status="FAIL" signature="loginTest()[pri:3, instance:nisum.qa.practice.testcases.LoginPageTest@90f6bfd]" name="loginTest" duration-ms="1635" started-at="2019-01-13T23:08:15Z" finished-at="2019-01-13T23:08:16Z">
          <exception class="java.lang.AssertionError">
            <message>
              <![CDATA[expected [nisum.qa.practice.pages.HomePage@463fd068] but found [nisum.qa.practice.pages.HomePage@895e367]]]>
            </message>
            <full-stacktrace>
              <![CDATA[java.lang.AssertionError: expected [nisum.qa.practice.pages.HomePage@463fd068] but found [nisum.qa.practice.pages.HomePage@895e367]
at org.testng.Assert.fail(Assert.java:96)
at org.testng.Assert.failNotEquals(Assert.java:776)
at org.testng.Assert.assertEqualsImpl(Assert.java:137)
at org.testng.Assert.assertEquals(Assert.java:118)
at org.testng.Assert.assertEquals(Assert.java:442)
at nisum.qa.practice.testcases.LoginPageTest.loginTest(LoginPageTest.java:41)
at sun.reflect.NativeMethodAccessorImpl.invoke0(Native Method)
at sun.reflect.NativeMethodAccessorImpl.invoke(NativeMethodAccessorImpl.java:62)
at sun.reflect.DelegatingMethodAccessorImpl.invoke(DelegatingMethodAccessorImpl.java:43)
at java.lang.reflect.Method.invoke(Method.java:498)
at org.testng.internal.MethodInvocationHelper.invokeMethod(MethodInvocationHelper.java:124)
at org.testng.internal.Invoker.invokeMethod(Invoker.java:583)
at org.testng.internal.Invoker.invokeTestMethod(Invoker.java:719)
at org.testng.internal.Invoker.invokeTestMethods(Invoker.java:989)
at org.testng.internal.TestMethodWorker.invokeTestMethods(TestMethodWorker.java:125)
at org.testng.internal.TestMethodWorker.run(TestMethodWorker.java:109)
at org.testng.TestRunner.privateRun(TestRunner.java:648)
at org.testng.TestRunner.run(TestRunner.java:505)
at org.testng.SuiteRunner.runTest(SuiteRunner.java:455)
at org.testng.SuiteRunner.runSequentially(SuiteRunner.java:450)
at org.testng.SuiteRunner.privateRun(SuiteRunner.java:415)
at org.testng.SuiteRunner.run(SuiteRunner.java:364)
at org.testng.SuiteRunnerWorker.runSuite(SuiteRunnerWorker.java:52)
at org.testng.SuiteRunnerWorker.run(SuiteRunnerWorker.java:84)
at org.testng.TestNG.runSuitesSequentially(TestNG.java:1208)
at org.testng.TestNG.runSuitesLocally(TestNG.java:1137)
at org.testng.TestNG.runSuites(TestNG.java:1049)
at org.testng.TestNG.run(TestNG.java:1017)
at org.apache.maven.surefire.testng.TestNGExecutor.run(TestNGExecutor.java:77)
at org.apache.maven.surefire.testng.TestNGDirectoryTestSuite.execute(TestNGDirectoryTestSuite.java:110)
at org.apache.maven.surefire.testng.TestNGProvider.invoke(TestNGProvider.java:106)
at sun.reflect.NativeMethodAccessorImpl.invoke0(Native Method)
at sun.reflect.NativeMethodAccessorImpl.invoke(NativeMethodAccessorImpl.java:62)
at sun.reflect.DelegatingMethodAccessorImpl.invoke(DelegatingMethodAccessorImpl.java:43)
at java.lang.reflect.Method.invoke(Method.java:498)
at org.apache.maven.surefire.util.ReflectionUtils.invokeMethodWithArray(ReflectionUtils.java:189)
at org.apache.maven.surefire.booter.ProviderFactory$ProviderProxy.invoke(ProviderFactory.java:165)
at org.apache.maven.surefire.booter.ProviderFactory.invokeProvider(ProviderFactory.java:85)
at org.apache.maven.surefire.booter.ForkedBooter.runSuitesInProcess(ForkedBooter.java:115)
at org.apache.maven.surefire.booter.ForkedBooter.main(ForkedBooter.java:75)
]]>
            </full-stacktrace>
          </exception> <!-- java.lang.AssertionError -->
          <reporter-output>
          </reporter-output>
        </test-method> <!-- loginTest -->
        <test-method status="PASS" signature="tearDown()[pri:0, instance:nisum.qa.practice.testcases.LoginPageTest@90f6bfd]" name="tearDown" is-config="true" duration-ms="751" started-at="2019-01-13T23:08:16Z" finished-at="2019-01-13T23:08:17Z">
          <reporter-output>
          </reporter-output>
        </test-method> <!-- tearDown -->
      </class> <!-- nisum.qa.practice.testcases.LoginPageTest -->
    </test> <!-- Command line test -->
  </suite> <!-- nisum.qa.practice.testcases.LoginPageTest -->
</testng-results>
