<?xml version="1.0" encoding="UTF-8"?>
<!-- Generated by org.testng.reporters.JUnitXMLReporter -->
<testsuite hostname="NIS-PK130" ignored="0" name="Command line test" tests="3" failures="1" timestamp="13 Jan 2019 23:08:17 GMT" time="48.443" errors="0">
  <testcase name="loginPageTitleTest" time="0.01" classname="nisum.qa.practice.testcases.LoginPageTest"/>
  <testcase name="CRMLogoImageTest" time="0.033" classname="nisum.qa.practice.testcases.LoginPageTest"/>
  <testcase name="loginTest" time="1.635" classname="nisum.qa.practice.testcases.LoginPageTest">
    <failure type="java.lang.AssertionError" message="expected [nisum.qa.practice.pages.HomePage@463fd068] but found [nisum.qa.practice.pages.HomePage@895e367]">
      <![CDATA[java.lang.AssertionError: expected [nisum.qa.practice.pages.HomePage@463fd068] but found [nisum.qa.practice.pages.HomePage@895e367]
at nisum.qa.practice.testcases.LoginPageTest.loginTest(LoginPageTest.java:41)
... Removed 39 stack frames]]>
    </failure>
  </testcase> <!-- loginTest -->
</testsuite> <!-- Command line test -->
